0 info it worked if it ends with ok
1 verbose cli [ '/usr/bin/node', '/usr/bin/npm', 'install', '--package-lock' ]
2 info using npm@3.5.2
3 info using node@v8.10.0
4 silly loadCurrentTree Starting
5 silly install loadCurrentTree
6 silly install readLocalPackageData
7 silly install normalizeTree
8 silly loadCurrentTree Finishing
9 silly loadIdealTree Starting
10 silly install loadIdealTree
11 silly cloneCurrentTree Starting
12 silly install cloneCurrentTreeToIdealTree
13 silly cloneCurrentTree Finishing
14 silly loadShrinkwrap Starting
15 silly install loadShrinkwrap
16 silly loadShrinkwrap Finishing
17 silly loadAllDepsIntoIdealTree Starting
18 silly install loadAllDepsIntoIdealTree
19 silly loadAllDepsIntoIdealTree Finishing
20 silly idealTree:prePrune scrapping2@1.0.0
20 silly idealTree:prePrune ├── @types/node@14.0.12
20 silly idealTree:prePrune ├── ansi-regex@2.1.1
20 silly idealTree:prePrune ├── ansi-styles@2.2.1
20 silly idealTree:prePrune ├── asn1@0.2.4
20 silly idealTree:prePrune ├── assert-plus@0.2.0
20 silly idealTree:prePrune ├── async@2.6.3
20 silly idealTree:prePrune ├── aws-sign2@0.6.0
20 silly idealTree:prePrune ├── axios@0.19.2
20 silly idealTree:prePrune ├── balanced-match@1.0.0
20 silly idealTree:prePrune ├── bcrypt-pbkdf@1.0.2
20 silly idealTree:prePrune ├── bignumber.js@9.0.0
20 silly idealTree:prePrune ├─┬ bl@1.0.3
20 silly idealTree:prePrune │ ├── process-nextick-args@1.0.7
20 silly idealTree:prePrune │ ├── readable-stream@2.0.6
20 silly idealTree:prePrune │ └── string_decoder@0.10.31
20 silly idealTree:prePrune ├── boolbase@1.0.0
20 silly idealTree:prePrune ├── boom@2.10.1
20 silly idealTree:prePrune ├── brace-expansion@1.1.11
20 silly idealTree:prePrune ├── caseless@0.11.0
20 silly idealTree:prePrune ├── chalk@1.1.3
20 silly idealTree:prePrune ├── cheerio@1.0.0-rc.3
20 silly idealTree:prePrune ├── combined-stream@1.0.8
20 silly idealTree:prePrune ├── commander@2.20.3
20 silly idealTree:prePrune ├── concat-map@0.0.1
20 silly idealTree:prePrune ├─┬ concat-stream@1.5.0
20 silly idealTree:prePrune │ ├── process-nextick-args@1.0.7
20 silly idealTree:prePrune │ ├── readable-stream@2.0.6
20 silly idealTree:prePrune │ └── string_decoder@0.10.31
20 silly idealTree:prePrune ├── core-util-is@1.0.2
20 silly idealTree:prePrune ├── cryptiles@2.0.5
20 silly idealTree:prePrune ├── css-select@1.2.0
20 silly idealTree:prePrune ├── css-what@2.1.3
20 silly idealTree:prePrune ├─┬ dashdash@1.14.1
20 silly idealTree:prePrune │ └── assert-plus@1.0.0
20 silly idealTree:prePrune ├── debug@3.1.0
20 silly idealTree:prePrune ├── delayed-stream@1.0.0
20 silly idealTree:prePrune ├── dom-serializer@0.1.1
20 silly idealTree:prePrune ├── domelementtype@1.3.1
20 silly idealTree:prePrune ├── domhandler@2.4.2
20 silly idealTree:prePrune ├── domutils@1.5.1
20 silly idealTree:prePrune ├── ecc-jsbn@0.1.2
20 silly idealTree:prePrune ├── entities@1.1.2
20 silly idealTree:prePrune ├── escape-string-regexp@1.0.5
20 silly idealTree:prePrune ├── extend@3.0.2
20 silly idealTree:prePrune ├─┬ extract-zip@1.5.0
20 silly idealTree:prePrune │ └── debug@0.7.4
20 silly idealTree:prePrune ├── extsprintf@1.3.0
20 silly idealTree:prePrune ├── fd-slicer@1.0.1
20 silly idealTree:prePrune ├── follow-redirects@1.5.10
20 silly idealTree:prePrune ├── forever-agent@0.6.1
20 silly idealTree:prePrune ├── form-data@1.0.1
20 silly idealTree:prePrune ├── fs-extra@0.26.7
20 silly idealTree:prePrune ├── fs.realpath@1.0.0
20 silly idealTree:prePrune ├── generate-function@2.3.1
20 silly idealTree:prePrune ├── generate-object-property@1.2.0
20 silly idealTree:prePrune ├─┬ getpass@0.1.7
20 silly idealTree:prePrune │ └── assert-plus@1.0.0
20 silly idealTree:prePrune ├── glob@7.1.6
20 silly idealTree:prePrune ├── graceful-fs@4.2.4
20 silly idealTree:prePrune ├── har-validator@2.0.6
20 silly idealTree:prePrune ├── has-ansi@2.0.0
20 silly idealTree:prePrune ├── hasha@2.2.0
20 silly idealTree:prePrune ├── hawk@3.1.3
20 silly idealTree:prePrune ├── hoek@2.16.3
20 silly idealTree:prePrune ├── htmlparser2@3.10.1
20 silly idealTree:prePrune ├── http-signature@1.1.1
20 silly idealTree:prePrune ├── inflight@1.0.6
20 silly idealTree:prePrune ├── inherits@2.0.4
20 silly idealTree:prePrune ├── is-my-ip-valid@1.0.0
20 silly idealTree:prePrune ├── is-my-json-valid@2.20.0
20 silly idealTree:prePrune ├── is-property@1.0.2
20 silly idealTree:prePrune ├── is-stream@1.1.0
20 silly idealTree:prePrune ├── is-typedarray@1.0.0
20 silly idealTree:prePrune ├── isarray@1.0.0
20 silly idealTree:prePrune ├── isexe@2.0.0
20 silly idealTree:prePrune ├── isstream@0.1.2
20 silly idealTree:prePrune ├── jsbn@0.1.1
20 silly idealTree:prePrune ├── json-schema@0.2.3
20 silly idealTree:prePrune ├── json-stringify-safe@5.0.1
20 silly idealTree:prePrune ├── jsonfile@2.4.0
20 silly idealTree:prePrune ├── jsonpointer@4.0.1
20 silly idealTree:prePrune ├─┬ jsprim@1.4.1
20 silly idealTree:prePrune │ └── assert-plus@1.0.0
20 silly idealTree:prePrune ├── kew@0.7.0
20 silly idealTree:prePrune ├── klaw@1.3.1
20 silly idealTree:prePrune ├── lodash@4.17.15
20 silly idealTree:prePrune ├── mime-db@1.44.0
20 silly idealTree:prePrune ├── mime-types@2.1.27
20 silly idealTree:prePrune ├── minimatch@3.0.4
20 silly idealTree:prePrune ├── minimist@0.0.8
20 silly idealTree:prePrune ├── mkdirp@0.5.0
20 silly idealTree:prePrune ├── ms@2.0.0
20 silly idealTree:prePrune ├─┬ mysql@2.18.1
20 silly idealTree:prePrune │ ├── readable-stream@2.3.7
20 silly idealTree:prePrune │ ├── safe-buffer@5.1.2
20 silly idealTree:prePrune │ └── string_decoder@1.1.1
20 silly idealTree:prePrune ├── node-uuid@1.4.8
20 silly idealTree:prePrune ├── nth-check@1.0.2
20 silly idealTree:prePrune ├── oauth-sign@0.8.2
20 silly idealTree:prePrune ├── once@1.4.0
20 silly idealTree:prePrune ├── parse5@3.0.3
20 silly idealTree:prePrune ├── path-is-absolute@1.0.1
20 silly idealTree:prePrune ├── pend@1.2.0
20 silly idealTree:prePrune ├── phantomjs@2.1.7
20 silly idealTree:prePrune ├── pinkie-promise@2.0.1
20 silly idealTree:prePrune ├── pinkie@2.0.4
20 silly idealTree:prePrune ├── process-nextick-args@2.0.1
20 silly idealTree:prePrune ├── progress@1.1.8
20 silly idealTree:prePrune ├── qs@5.2.1
20 silly idealTree:prePrune ├── readable-stream@3.6.0
20 silly idealTree:prePrune ├── request-progress@2.0.1
20 silly idealTree:prePrune ├── request@2.67.0
20 silly idealTree:prePrune ├── rimraf@2.7.1
20 silly idealTree:prePrune ├── safe-buffer@5.2.1
20 silly idealTree:prePrune ├── safer-buffer@2.1.2
20 silly idealTree:prePrune ├── sntp@1.0.9
20 silly idealTree:prePrune ├── sqlstring@2.3.1
20 silly idealTree:prePrune ├─┬ sshpk@1.16.1
20 silly idealTree:prePrune │ └── assert-plus@1.0.0
20 silly idealTree:prePrune ├── string_decoder@1.3.0
20 silly idealTree:prePrune ├── stringstream@0.0.6
20 silly idealTree:prePrune ├── strip-ansi@3.0.1
20 silly idealTree:prePrune ├── supports-color@2.0.0
20 silly idealTree:prePrune ├── throttleit@1.0.0
20 silly idealTree:prePrune ├── tough-cookie@2.2.2
20 silly idealTree:prePrune ├── tunnel-agent@0.4.3
20 silly idealTree:prePrune ├── tweetnacl@0.14.5
20 silly idealTree:prePrune ├── typedarray@0.0.6
20 silly idealTree:prePrune ├── util-deprecate@1.0.2
20 silly idealTree:prePrune ├─┬ verror@1.10.0
20 silly idealTree:prePrune │ └── assert-plus@1.0.0
20 silly idealTree:prePrune ├── which@1.2.14
20 silly idealTree:prePrune ├── wrappy@1.0.2
20 silly idealTree:prePrune ├── xtend@4.0.2
20 silly idealTree:prePrune └── yauzl@2.4.1
21 silly loadIdealTree Finishing
22 silly currentTree scrapping2@1.0.0
22 silly currentTree ├── @types/node@14.0.12
22 silly currentTree ├── ansi-regex@2.1.1
22 silly currentTree ├── ansi-styles@2.2.1
22 silly currentTree ├── asn1@0.2.4
22 silly currentTree ├── assert-plus@0.2.0
22 silly currentTree ├── async@2.6.3
22 silly currentTree ├── aws-sign2@0.6.0
22 silly currentTree ├── axios@0.19.2
22 silly currentTree ├── balanced-match@1.0.0
22 silly currentTree ├── bcrypt-pbkdf@1.0.2
22 silly currentTree ├── bignumber.js@9.0.0
22 silly currentTree ├─┬ bl@1.0.3
22 silly currentTree │ ├── process-nextick-args@1.0.7
22 silly currentTree │ ├── readable-stream@2.0.6
22 silly currentTree │ └── string_decoder@0.10.31
22 silly currentTree ├── boolbase@1.0.0
22 silly currentTree ├── boom@2.10.1
22 silly currentTree ├── brace-expansion@1.1.11
22 silly currentTree ├── caseless@0.11.0
22 silly currentTree ├── chalk@1.1.3
22 silly currentTree ├── cheerio@1.0.0-rc.3
22 silly currentTree ├── combined-stream@1.0.8
22 silly currentTree ├── commander@2.20.3
22 silly currentTree ├── concat-map@0.0.1
22 silly currentTree ├─┬ concat-stream@1.5.0
22 silly currentTree │ ├── process-nextick-args@1.0.7
22 silly currentTree │ ├── readable-stream@2.0.6
22 silly currentTree │ └── string_decoder@0.10.31
22 silly currentTree ├── core-util-is@1.0.2
22 silly currentTree ├── cryptiles@2.0.5
22 silly currentTree ├── css-select@1.2.0
22 silly currentTree ├── css-what@2.1.3
22 silly currentTree ├─┬ dashdash@1.14.1
22 silly currentTree │ └── assert-plus@1.0.0
22 silly currentTree ├── debug@3.1.0
22 silly currentTree ├── delayed-stream@1.0.0
22 silly currentTree ├── dom-serializer@0.1.1
22 silly currentTree ├── domelementtype@1.3.1
22 silly currentTree ├── domhandler@2.4.2
22 silly currentTree ├── domutils@1.5.1
22 silly currentTree ├── ecc-jsbn@0.1.2
22 silly currentTree ├── entities@1.1.2
22 silly currentTree ├── escape-string-regexp@1.0.5
22 silly currentTree ├── extend@3.0.2
22 silly currentTree ├─┬ extract-zip@1.5.0
22 silly currentTree │ └── debug@0.7.4
22 silly currentTree ├── extsprintf@1.3.0
22 silly currentTree ├── fd-slicer@1.0.1
22 silly currentTree ├── follow-redirects@1.5.10
22 silly currentTree ├── forever-agent@0.6.1
22 silly currentTree ├── form-data@1.0.1
22 silly currentTree ├── fs-extra@0.26.7
22 silly currentTree ├── fs.realpath@1.0.0
22 silly currentTree ├── generate-function@2.3.1
22 silly currentTree ├── generate-object-property@1.2.0
22 silly currentTree ├─┬ getpass@0.1.7
22 silly currentTree │ └── assert-plus@1.0.0
22 silly currentTree ├── glob@7.1.6
22 silly currentTree ├── graceful-fs@4.2.4
22 silly currentTree ├── har-validator@2.0.6
22 silly currentTree ├── has-ansi@2.0.0
22 silly currentTree ├── hasha@2.2.0
22 silly currentTree ├── hawk@3.1.3
22 silly currentTree ├── hoek@2.16.3
22 silly currentTree ├── htmlparser2@3.10.1
22 silly currentTree ├── http-signature@1.1.1
22 silly currentTree ├── inflight@1.0.6
22 silly currentTree ├── inherits@2.0.4
22 silly currentTree ├── is-my-ip-valid@1.0.0
22 silly currentTree ├── is-my-json-valid@2.20.0
22 silly currentTree ├── is-property@1.0.2
22 silly currentTree ├── is-stream@1.1.0
22 silly currentTree ├── is-typedarray@1.0.0
22 silly currentTree ├── isarray@1.0.0
22 silly currentTree ├── isexe@2.0.0
22 silly currentTree ├── isstream@0.1.2
22 silly currentTree ├── jsbn@0.1.1
22 silly currentTree ├── json-schema@0.2.3
22 silly currentTree ├── json-stringify-safe@5.0.1
22 silly currentTree ├── jsonfile@2.4.0
22 silly currentTree ├── jsonpointer@4.0.1
22 silly currentTree ├─┬ jsprim@1.4.1
22 silly currentTree │ └── assert-plus@1.0.0
22 silly currentTree ├── kew@0.7.0
22 silly currentTree ├── klaw@1.3.1
22 silly currentTree ├── lodash@4.17.15
22 silly currentTree ├── mime-db@1.44.0
22 silly currentTree ├── mime-types@2.1.27
22 silly currentTree ├── minimatch@3.0.4
22 silly currentTree ├── minimist@0.0.8
22 silly currentTree ├── mkdirp@0.5.0
22 silly currentTree ├── ms@2.0.0
22 silly currentTree ├─┬ mysql@2.18.1
22 silly currentTree │ ├── readable-stream@2.3.7
22 silly currentTree │ ├── safe-buffer@5.1.2
22 silly currentTree │ └── string_decoder@1.1.1
22 silly currentTree ├── node-uuid@1.4.8
22 silly currentTree ├── nth-check@1.0.2
22 silly currentTree ├── oauth-sign@0.8.2
22 silly currentTree ├── once@1.4.0
22 silly currentTree ├── parse5@3.0.3
22 silly currentTree ├── path-is-absolute@1.0.1
22 silly currentTree ├── pend@1.2.0
22 silly currentTree ├── phantomjs@2.1.7
22 silly currentTree ├── pinkie-promise@2.0.1
22 silly currentTree ├── pinkie@2.0.4
22 silly currentTree ├── process-nextick-args@2.0.1
22 silly currentTree ├── progress@1.1.8
22 silly currentTree ├── qs@5.2.1
22 silly currentTree ├── readable-stream@3.6.0
22 silly currentTree ├── request-progress@2.0.1
22 silly currentTree ├── request@2.67.0
22 silly currentTree ├── rimraf@2.7.1
22 silly currentTree ├── safe-buffer@5.2.1
22 silly currentTree ├── safer-buffer@2.1.2
22 silly currentTree ├── sntp@1.0.9
22 silly currentTree ├── sqlstring@2.3.1
22 silly currentTree ├─┬ sshpk@1.16.1
22 silly currentTree │ └── assert-plus@1.0.0
22 silly currentTree ├── string_decoder@1.3.0
22 silly currentTree ├── stringstream@0.0.6
22 silly currentTree ├── strip-ansi@3.0.1
22 silly currentTree ├── supports-color@2.0.0
22 silly currentTree ├── throttleit@1.0.0
22 silly currentTree ├── tough-cookie@2.2.2
22 silly currentTree ├── tunnel-agent@0.4.3
22 silly currentTree ├── tweetnacl@0.14.5
22 silly currentTree ├── typedarray@0.0.6
22 silly currentTree ├── util-deprecate@1.0.2
22 silly currentTree ├─┬ verror@1.10.0
22 silly currentTree │ └── assert-plus@1.0.0
22 silly currentTree ├── which@1.2.14
22 silly currentTree ├── wrappy@1.0.2
22 silly currentTree ├── xtend@4.0.2
22 silly currentTree └── yauzl@2.4.1
23 silly idealTree scrapping2@1.0.0
23 silly idealTree ├── @types/node@14.0.12
23 silly idealTree ├── ansi-regex@2.1.1
23 silly idealTree ├── ansi-styles@2.2.1
23 silly idealTree ├── asn1@0.2.4
23 silly idealTree ├── assert-plus@0.2.0
23 silly idealTree ├── async@2.6.3
23 silly idealTree ├── aws-sign2@0.6.0
23 silly idealTree ├── axios@0.19.2
23 silly idealTree ├── balanced-match@1.0.0
23 silly idealTree ├── bcrypt-pbkdf@1.0.2
23 silly idealTree ├── bignumber.js@9.0.0
23 silly idealTree ├─┬ bl@1.0.3
23 silly idealTree │ ├── process-nextick-args@1.0.7
23 silly idealTree │ ├── readable-stream@2.0.6
23 silly idealTree │ └── string_decoder@0.10.31
23 silly idealTree ├── boolbase@1.0.0
23 silly idealTree ├── boom@2.10.1
23 silly idealTree ├── brace-expansion@1.1.11
23 silly idealTree ├── caseless@0.11.0
23 silly idealTree ├── chalk@1.1.3
23 silly idealTree ├── cheerio@1.0.0-rc.3
23 silly idealTree ├── combined-stream@1.0.8
23 silly idealTree ├── commander@2.20.3
23 silly idealTree ├── concat-map@0.0.1
23 silly idealTree ├─┬ concat-stream@1.5.0
23 silly idealTree │ ├── process-nextick-args@1.0.7
23 silly idealTree │ ├── readable-stream@2.0.6
23 silly idealTree │ └── string_decoder@0.10.31
23 silly idealTree ├── core-util-is@1.0.2
23 silly idealTree ├── cryptiles@2.0.5
23 silly idealTree ├── css-select@1.2.0
23 silly idealTree ├── css-what@2.1.3
23 silly idealTree ├─┬ dashdash@1.14.1
23 silly idealTree │ └── assert-plus@1.0.0
23 silly idealTree ├── debug@3.1.0
23 silly idealTree ├── delayed-stream@1.0.0
23 silly idealTree ├── dom-serializer@0.1.1
23 silly idealTree ├── domelementtype@1.3.1
23 silly idealTree ├── domhandler@2.4.2
23 silly idealTree ├── domutils@1.5.1
23 silly idealTree ├── ecc-jsbn@0.1.2
23 silly idealTree ├── entities@1.1.2
23 silly idealTree ├── escape-string-regexp@1.0.5
23 silly idealTree ├── extend@3.0.2
23 silly idealTree ├─┬ extract-zip@1.5.0
23 silly idealTree │ └── debug@0.7.4
23 silly idealTree ├── extsprintf@1.3.0
23 silly idealTree ├── fd-slicer@1.0.1
23 silly idealTree ├── follow-redirects@1.5.10
23 silly idealTree ├── forever-agent@0.6.1
23 silly idealTree ├── form-data@1.0.1
23 silly idealTree ├── fs-extra@0.26.7
23 silly idealTree ├── fs.realpath@1.0.0
23 silly idealTree ├── generate-function@2.3.1
23 silly idealTree ├── generate-object-property@1.2.0
23 silly idealTree ├─┬ getpass@0.1.7
23 silly idealTree │ └── assert-plus@1.0.0
23 silly idealTree ├── glob@7.1.6
23 silly idealTree ├── graceful-fs@4.2.4
23 silly idealTree ├── har-validator@2.0.6
23 silly idealTree ├── has-ansi@2.0.0
23 silly idealTree ├── hasha@2.2.0
23 silly idealTree ├── hawk@3.1.3
23 silly idealTree ├── hoek@2.16.3
23 silly idealTree ├── htmlparser2@3.10.1
23 silly idealTree ├── http-signature@1.1.1
23 silly idealTree ├── inflight@1.0.6
23 silly idealTree ├── inherits@2.0.4
23 silly idealTree ├── is-my-ip-valid@1.0.0
23 silly idealTree ├── is-my-json-valid@2.20.0
23 silly idealTree ├── is-property@1.0.2
23 silly idealTree ├── is-stream@1.1.0
23 silly idealTree ├── is-typedarray@1.0.0
23 silly idealTree ├── isarray@1.0.0
23 silly idealTree ├── isexe@2.0.0
23 silly idealTree ├── isstream@0.1.2
23 silly idealTree ├── jsbn@0.1.1
23 silly idealTree ├── json-schema@0.2.3
23 silly idealTree ├── json-stringify-safe@5.0.1
23 silly idealTree ├── jsonfile@2.4.0
23 silly idealTree ├── jsonpointer@4.0.1
23 silly idealTree ├─┬ jsprim@1.4.1
23 silly idealTree │ └── assert-plus@1.0.0
23 silly idealTree ├── kew@0.7.0
23 silly idealTree ├── klaw@1.3.1
23 silly idealTree ├── lodash@4.17.15
23 silly idealTree ├── mime-db@1.44.0
23 silly idealTree ├── mime-types@2.1.27
23 silly idealTree ├── minimatch@3.0.4
23 silly idealTree ├── minimist@0.0.8
23 silly idealTree ├── mkdirp@0.5.0
23 silly idealTree ├── ms@2.0.0
23 silly idealTree ├─┬ mysql@2.18.1
23 silly idealTree │ ├── readable-stream@2.3.7
23 silly idealTree │ ├── safe-buffer@5.1.2
23 silly idealTree │ └── string_decoder@1.1.1
23 silly idealTree ├── node-uuid@1.4.8
23 silly idealTree ├── nth-check@1.0.2
23 silly idealTree ├── oauth-sign@0.8.2
23 silly idealTree ├── once@1.4.0
23 silly idealTree ├── parse5@3.0.3
23 silly idealTree ├── path-is-absolute@1.0.1
23 silly idealTree ├── pend@1.2.0
23 silly idealTree ├── phantomjs@2.1.7
23 silly idealTree ├── pinkie-promise@2.0.1
23 silly idealTree ├── pinkie@2.0.4
23 silly idealTree ├── process-nextick-args@2.0.1
23 silly idealTree ├── progress@1.1.8
23 silly idealTree ├── qs@5.2.1
23 silly idealTree ├── readable-stream@3.6.0
23 silly idealTree ├── request-progress@2.0.1
23 silly idealTree ├── request@2.67.0
23 silly idealTree ├── rimraf@2.7.1
23 silly idealTree ├── safe-buffer@5.2.1
23 silly idealTree ├── safer-buffer@2.1.2
23 silly idealTree ├── sntp@1.0.9
23 silly idealTree ├── sqlstring@2.3.1
23 silly idealTree ├─┬ sshpk@1.16.1
23 silly idealTree │ └── assert-plus@1.0.0
23 silly idealTree ├── string_decoder@1.3.0
23 silly idealTree ├── stringstream@0.0.6
23 silly idealTree ├── strip-ansi@3.0.1
23 silly idealTree ├── supports-color@2.0.0
23 silly idealTree ├── throttleit@1.0.0
23 silly idealTree ├── tough-cookie@2.2.2
23 silly idealTree ├── tunnel-agent@0.4.3
23 silly idealTree ├── tweetnacl@0.14.5
23 silly idealTree ├── typedarray@0.0.6
23 silly idealTree ├── util-deprecate@1.0.2
23 silly idealTree ├─┬ verror@1.10.0
23 silly idealTree │ └── assert-plus@1.0.0
23 silly idealTree ├── which@1.2.14
23 silly idealTree ├── wrappy@1.0.2
23 silly idealTree ├── xtend@4.0.2
23 silly idealTree └── yauzl@2.4.1
24 silly generateActionsToTake Starting
25 silly install generateActionsToTake
26 silly generateActionsToTake Finishing
27 silly diffTrees action count 0
28 silly decomposeActions action count 0
29 silly executeActions Starting
30 silly install executeActions
31 silly doSerial global-install 0
32 silly doParallel fetch 0
33 verbose lock using /home/nerdstrtype/.npm/_locks/staging-d7370e78b5276bc4.lock for /opt/lampp/htdocs/scrapping2/node_modules/.staging
34 verbose unlock done using /home/nerdstrtype/.npm/_locks/staging-d7370e78b5276bc4.lock for /opt/lampp/htdocs/scrapping2/node_modules/.staging
35 silly rollbackFailedOptional Starting
36 silly rollbackFailedOptional Finishing
37 silly runTopLevelLifecycles Starting
38 silly runTopLevelLifecycles Finishing
39 silly install printInstalled
40 warn scrapping2@1.0.0 No description
41 warn scrapping2@1.0.0 No repository field.
42 verbose stack Error: EACCES: permission denied, mkdir '/opt/lampp/htdocs/scrapping2/node_modules/.staging'
43 verbose cwd /opt/lampp/htdocs/scrapping2
44 error Linux 5.3.0-53-generic
45 error argv "/usr/bin/node" "/usr/bin/npm" "install" "--package-lock"
46 error node v8.10.0
47 error npm  v3.5.2
48 error path /opt/lampp/htdocs/scrapping2/node_modules/.staging
49 error code EACCES
50 error errno -13
51 error syscall mkdir
52 error Error: EACCES: permission denied, mkdir '/opt/lampp/htdocs/scrapping2/node_modules/.staging'
52 error  { Error: EACCES: permission denied, mkdir '/opt/lampp/htdocs/scrapping2/node_modules/.staging'
52 error   errno: -13,
52 error   code: 'EACCES',
52 error   syscall: 'mkdir',
52 error   path: '/opt/lampp/htdocs/scrapping2/node_modules/.staging' }
53 error Please try running this command again as root/Administrator.
54 verbose exit [ -13, true ]
